{"D:\\Personal\\node_45\\ExpressJs\\src\\services\\auth.service.js": {"path":"D:\\Personal\\node_45\\ExpressJs\\src\\services\\auth.service.js","statementMap":{"0":{"start":{"line":6,"column":20},"end":{"line":133,"column":1}},"1":{"start":{"line":9,"column":44},"end":{"line":9,"column":52}},"2":{"start":{"line":10,"column":4},"end":{"line":10,"column":49}},"3":{"start":{"line":16,"column":23},"end":{"line":20,"column":6}},"4":{"start":{"line":21,"column":4},"end":{"line":22,"column":72}},"5":{"start":{"line":22,"column":6},"end":{"line":22,"column":72}},"6":{"start":{"line":23,"column":4},"end":{"line":23,"column":32}},"7":{"start":{"line":26,"column":25},"end":{"line":26,"column":55}},"8":{"start":{"line":29,"column":20},"end":{"line":35,"column":6}},"9":{"start":{"line":37,"column":4},"end":{"line":37,"column":19}},"10":{"start":{"line":41,"column":33},"end":{"line":41,"column":41}},"11":{"start":{"line":42,"column":4},"end":{"line":42,"column":38}},"12":{"start":{"line":47,"column":23},"end":{"line":55,"column":6}},"13":{"start":{"line":56,"column":4},"end":{"line":57,"column":73}},"14":{"start":{"line":57,"column":6},"end":{"line":57,"column":73}},"15":{"start":{"line":61,"column":4},"end":{"line":61,"column":32}},"16":{"start":{"line":62,"column":21},"end":{"line":62,"column":41}},"17":{"start":{"line":63,"column":23},"end":{"line":63,"column":62}},"18":{"start":{"line":64,"column":4},"end":{"line":64,"column":75}},"19":{"start":{"line":64,"column":21},"end":{"line":64,"column":75}},"20":{"start":{"line":67,"column":19},"end":{"line":67,"column":56}},"21":{"start":{"line":69,"column":4},"end":{"line":69,"column":18}},"22":{"start":{"line":77,"column":41},"end":{"line":77,"column":49}},"23":{"start":{"line":78,"column":4},"end":{"line":78,"column":46}},"24":{"start":{"line":80,"column":23},"end":{"line":90,"column":6}},"25":{"start":{"line":92,"column":4},"end":{"line":121,"column":5}},"26":{"start":{"line":102,"column":6},"end":{"line":110,"column":9}},"27":{"start":{"line":113,"column":6},"end":{"line":120,"column":9}},"28":{"start":{"line":123,"column":19},"end":{"line":123,"column":56}},"29":{"start":{"line":125,"column":4},"end":{"line":125,"column":18}},"30":{"start":{"line":128,"column":4},"end":{"line":128,"column":29}},"31":{"start":{"line":129,"column":24},"end":{"line":129,"column":65}},"32":{"start":{"line":131,"column":4},"end":{"line":131,"column":26}}},"fnMap":{"0":{"name":"(anonymous_0)","decl":{"start":{"line":7,"column":12},"end":{"line":7,"column":13}},"loc":{"start":{"line":7,"column":27},"end":{"line":38,"column":3}},"line":7},"1":{"name":"(anonymous_1)","decl":{"start":{"line":39,"column":9},"end":{"line":39,"column":10}},"loc":{"start":{"line":39,"column":24},"end":{"line":70,"column":3}},"line":39},"2":{"name":"(anonymous_2)","decl":{"start":{"line":76,"column":17},"end":{"line":76,"column":18}},"loc":{"start":{"line":76,"column":32},"end":{"line":126,"column":3}},"line":76},"3":{"name":"(anonymous_3)","decl":{"start":{"line":127,"column":16},"end":{"line":127,"column":17}},"loc":{"start":{"line":127,"column":31},"end":{"line":132,"column":3}},"line":127}},"branchMap":{"0":{"loc":{"start":{"line":21,"column":4},"end":{"line":22,"column":72}},"type":"if","locations":[{"start":{"line":21,"column":4},"end":{"line":22,"column":72}},{"start":{},"end":{}}],"line":21},"1":{"loc":{"start":{"line":56,"column":4},"end":{"line":57,"column":73}},"type":"if","locations":[{"start":{"line":56,"column":4},"end":{"line":57,"column":73}},{"start":{},"end":{}}],"line":56},"2":{"loc":{"start":{"line":64,"column":4},"end":{"line":64,"column":75}},"type":"if","locations":[{"start":{"line":64,"column":4},"end":{"line":64,"column":75}},{"start":{},"end":{}}],"line":64},"3":{"loc":{"start":{"line":92,"column":4},"end":{"line":121,"column":5}},"type":"if","locations":[{"start":{"line":92,"column":4},"end":{"line":121,"column":5}},{"start":{"line":111,"column":11},"end":{"line":121,"column":5}}],"line":92},"4":{"loc":{"start":{"line":107,"column":21},"end":{"line":107,"column":60}},"type":"cond-expr","locations":[{"start":{"line":107,"column":44},"end":{"line":107,"column":53}},{"start":{"line":107,"column":56},"end":{"line":107,"column":60}}],"line":107},"5":{"loc":{"start":{"line":108,"column":18},"end":{"line":108,"column":66}},"type":"cond-expr","locations":[{"start":{"line":108,"column":38},"end":{"line":108,"column":47}},{"start":{"line":108,"column":50},"end":{"line":108,"column":66}}],"line":108}},"s":{"0":1,"1":1,"2":1,"3":1,"4":1,"5":1,"6":0,"7":0,"8":0,"9":0,"10":0,"11":0,"12":0,"13":0,"14":0,"15":0,"16":0,"17":0,"18":0,"19":0,"20":0,"21":0,"22":0,"23":0,"24":0,"25":0,"26":0,"27":0,"28":0,"29":0,"30":0,"31":0,"32":0},"f":{"0":1,"1":0,"2":0,"3":0},"b":{"0":[1,0],"1":[0,0],"2":[0,0],"3":[0,0],"4":[0,0],"5":[0,0]},"inputSourceMap":null,"_coverageSchema":"1a1c01bbd47fc00a2c39e90264f33305004495a9","hash":"220fd5f9d1519805d7793d9847ef01114c9faf86"}
}
