TN:
SF:src\services\auth.service.js
FN:7,(anonymous_0)
FN:39,(anonymous_1)
FN:76,(anonymous_2)
FN:127,(anonymous_3)
FNF:4
FNH:1
FNDA:1,(anonymous_0)
FNDA:0,(anonymous_1)
FNDA:0,(anonymous_2)
FNDA:0,(anonymous_3)
DA:6,1
DA:9,1
DA:10,1
DA:16,1
DA:21,1
DA:22,1
DA:23,0
DA:26,0
DA:29,0
DA:37,0
DA:41,0
DA:42,0
DA:47,0
DA:56,0
DA:57,0
DA:61,0
DA:62,0
DA:63,0
DA:64,0
DA:67,0
DA:69,0
DA:77,0
DA:78,0
DA:80,0
DA:92,0
DA:102,0
DA:113,0
DA:123,0
DA:125,0
DA:128,0
DA:129,0
DA:131,0
LF:32
LH:6
BRDA:21,0,0,1
BRDA:21,0,1,0
BRDA:56,1,0,0
BRDA:56,1,1,0
BRDA:64,2,0,0
BRDA:64,2,1,0
BRDA:92,3,0,0
BRDA:92,3,1,0
BRDA:107,4,0,0
BRDA:107,4,1,0
BRDA:108,5,0,0
BRDA:108,5,1,0
BRF:12
BRH:1
end_of_record
